<?xml version="1.0" encoding="UTF-8"?>
<testng-results ignored="0" total="1" passed="1" failed="0" skipped="0">
  <reporter-output>
  </reporter-output>
  <suite started-at="2023-02-10T18:27:55 IST" name="Default suite" finished-at="2023-02-10T18:28:00 IST" duration-ms="4811">
    <groups>
    </groups>
    <test started-at="2023-02-10T18:27:55 IST" name="Default test" finished-at="2023-02-10T18:28:00 IST" duration-ms="4811">
      <class name="com.providernsa.tests.TC_002_VerifyToken">
        <test-method is-config="true" signature="dbSetup()[pri:0, instance:com.providernsa.tests.TC_002_VerifyToken@2667f029]" started-at="2023-02-10T18:27:55 IST" name="dbSetup" finished-at="2023-02-10T18:27:57 IST" duration-ms="1925" status="PASS">
          <reporter-output>
          </reporter-output>
        </test-method> <!-- dbSetup -->
        <test-method signature="tokenExpiry()[pri:0, instance:com.providernsa.tests.TC_002_VerifyToken@2667f029]" started-at="2023-02-10T18:27:57 IST" name="tokenExpiry" finished-at="2023-02-10T18:28:00 IST" duration-ms="2861" status="PASS">
          <reporter-output>
          </reporter-output>
        </test-method> <!-- tokenExpiry -->
        <test-method is-config="true" signature="tearDown()[pri:0, instance:com.providernsa.tests.TC_002_VerifyToken@2667f029]" started-at="2023-02-10T18:28:00 IST" name="tearDown" finished-at="2023-02-10T18:28:00 IST" duration-ms="2" status="PASS">
          <reporter-output>
          </reporter-output>
        </test-method> <!-- tearDown -->
      </class> <!-- com.providernsa.tests.TC_002_VerifyToken -->
    </test> <!-- Default test -->
  </suite> <!-- Default suite -->
</testng-results>
